ARM GAS  C:\Users\rohi2\AppData\Local\Temp\ccao4xZ4.s 			page 1


   1              		.syntax unified
   2              		.cpu cortex-m3
   3              		.fpu softvfp
   4              		.eabi_attribute 20, 1
   5              		.eabi_attribute 21, 1
   6              		.eabi_attribute 23, 3
   7              		.eabi_attribute 24, 1
   8              		.eabi_attribute 25, 1
   9              		.eabi_attribute 26, 1
  10              		.eabi_attribute 30, 1
  11              		.eabi_attribute 34, 1
  12              		.eabi_attribute 18, 4
  13              		.thumb
  14              		.file	"cymetadata.c"
  15              		.text
  16              	.Ltext0:
  17              		.cfi_sections	.debug_frame
  18              		.global	cy_metadata
  19              		.global	cy_meta_flashprotect
  20              		.global	cy_meta_wonvl
  21              		.global	cy_meta_custnvl
  22              		.global	cy_meta_configecc
  23              		.section	.cyconfigecc,"a",%progbits
  24              		.align	2
  25              		.type	cy_meta_configecc, %object
  26              		.size	cy_meta_configecc, 984
  27              	cy_meta_configecc:
  28 0000 01       		.byte	1
  29 0001 64       		.byte	100
  30 0002 00       		.byte	0
  31 0003 40       		.byte	64
  32 0004 01       		.byte	1
  33 0005 65       		.byte	101
  34 0006 00       		.byte	0
  35 0007 40       		.byte	64
  36 0008 02       		.byte	2
  37 0009 01       		.byte	1
  38 000a 01       		.byte	1
  39 000b 40       		.byte	64
  40 000c 02       		.byte	2
  41 000d 03       		.byte	3
  42 000e 01       		.byte	1
  43 000f 40       		.byte	64
  44 0010 43       		.byte	67
  45 0011 04       		.byte	4
  46 0012 01       		.byte	1
  47 0013 40       		.byte	64
  48 0014 21       		.byte	33
  49 0015 05       		.byte	5
  50 0016 01       		.byte	1
  51 0017 40       		.byte	64
  52 0018 3E       		.byte	62
  53 0019 06       		.byte	6
  54 001a 01       		.byte	1
  55 001b 40       		.byte	64
  56 001c 20       		.byte	32
  57 001d 07       		.byte	7
ARM GAS  C:\Users\rohi2\AppData\Local\Temp\ccao4xZ4.s 			page 2


  58 001e 01       		.byte	1
  59 001f 40       		.byte	64
  60 0020 3E       		.byte	62
  61 0021 14       		.byte	20
  62 0022 01       		.byte	1
  63 0023 40       		.byte	64
  64 0024 1F       		.byte	31
  65 0025 15       		.byte	21
  66 0026 01       		.byte	1
  67 0027 40       		.byte	64
  68 0028 3E       		.byte	62
  69 0029 16       		.byte	22
  70 002a 01       		.byte	1
  71 002b 40       		.byte	64
  72 002c 20       		.byte	32
  73 002d 17       		.byte	23
  74 002e 01       		.byte	1
  75 002f 40       		.byte	64
  76 0030 0A       		.byte	10
  77 0031 40       		.byte	64
  78 0032 01       		.byte	1
  79 0033 40       		.byte	64
  80 0034 07       		.byte	7
  81 0035 41       		.byte	65
  82 0036 01       		.byte	1
  83 0037 40       		.byte	64
  84 0038 04       		.byte	4
  85 0039 42       		.byte	66
  86 003a 01       		.byte	1
  87 003b 40       		.byte	64
  88 003c 01       		.byte	1
  89 003d 43       		.byte	67
  90 003e 01       		.byte	1
  91 003f 40       		.byte	64
  92 0040 03       		.byte	3
  93 0041 48       		.byte	72
  94 0042 01       		.byte	1
  95 0043 40       		.byte	64
  96 0044 0D       		.byte	13
  97 0045 49       		.byte	73
  98 0046 01       		.byte	1
  99 0047 40       		.byte	64
 100 0048 04       		.byte	4
 101 0049 50       		.byte	80
 102 004a 01       		.byte	1
 103 004b 40       		.byte	64
 104 004c 02       		.byte	2
 105 004d 51       		.byte	81
 106 004e 01       		.byte	1
 107 004f 40       		.byte	64
 108 0050 87       		.byte	-121
 109 0051 67       		.byte	103
 110 0052 87       		.byte	-121
 111 0053 67       		.byte	103
 112 0054 85       		.byte	-123
 113 0055 20       		.byte	32
 114 0056 87       		.byte	-121
ARM GAS  C:\Users\rohi2\AppData\Local\Temp\ccao4xZ4.s 			page 3


 115 0057 08       		.byte	8
 116 0058 A5       		.byte	-91
 117 0059 20       		.byte	32
 118 005a A7       		.byte	-89
 119 005b 08       		.byte	8
 120 005c 00       		.byte	0
 121 005d 01       		.byte	1
 122 005e 06       		.byte	6
 123 005f 03       		.byte	3
 124 0060 0E       		.byte	14
 125 0061 0C       		.byte	12
 126 0062 14       		.byte	20
 127 0063 08       		.byte	8
 128 0064 2E       		.byte	46
 129 0065 01       		.byte	1
 130 0066 30       		.byte	48
 131 0067 02       		.byte	2
 132 0068 32       		.byte	50
 133 0069 04       		.byte	4
 134 006a 34       		.byte	52
 135 006b 08       		.byte	8
 136 006c 36       		.byte	54
 137 006d 01       		.byte	1
 138 006e 3E       		.byte	62
 139 006f 50       		.byte	80
 140 0070 40       		.byte	64
 141 0071 14       		.byte	20
 142 0072 41       		.byte	65
 143 0073 05       		.byte	5
 144 0074 49       		.byte	73
 145 0075 FF       		.byte	-1
 146 0076 4A       		.byte	74
 147 0077 FF       		.byte	-1
 148 0078 4B       		.byte	75
 149 0079 FF       		.byte	-1
 150 007a 4D       		.byte	77
 151 007b A0       		.byte	-96
 152 007c 4F       		.byte	79
 153 007d 01       		.byte	1
 154 007e 50       		.byte	80
 155 007f 18       		.byte	24
 156 0080 52       		.byte	82
 157 0081 80       		.byte	-128
 158 0082 58       		.byte	88
 159 0083 04       		.byte	4
 160 0084 5A       		.byte	90
 161 0085 04       		.byte	4
 162 0086 5B       		.byte	91
 163 0087 04       		.byte	4
 164 0088 5C       		.byte	92
 165 0089 01       		.byte	1
 166 008a 5D       		.byte	93
 167 008b 11       		.byte	17
 168 008c 5F       		.byte	95
 169 008d 01       		.byte	1
 170 008e 60       		.byte	96
 171 008f 40       		.byte	64
ARM GAS  C:\Users\rohi2\AppData\Local\Temp\ccao4xZ4.s 			page 4


 172 0090 62       		.byte	98
 173 0091 80       		.byte	-128
 174 0092 64       		.byte	100
 175 0093 40       		.byte	64
 176 0094 65       		.byte	101
 177 0095 40       		.byte	64
 178 0096 66       		.byte	102
 179 0097 80       		.byte	-128
 180 0098 68       		.byte	104
 181 0099 40       		.byte	64
 182 009a 6A       		.byte	106
 183 009b 50       		.byte	80
 184 009c 6B       		.byte	107
 185 009d A8       		.byte	-88
 186 009e 6C       		.byte	108
 187 009f 40       		.byte	64
 188 00a0 6D       		.byte	109
 189 00a1 20       		.byte	32
 190 00a2 6E       		.byte	110
 191 00a3 50       		.byte	80
 192 00a4 6F       		.byte	111
 193 00a5 A8       		.byte	-88
 194 00a6 9C       		.byte	-100
 195 00a7 01       		.byte	1
 196 00a8 A0       		.byte	-96
 197 00a9 02       		.byte	2
 198 00aa B2       		.byte	-78
 199 00ab 01       		.byte	1
 200 00ac B4       		.byte	-76
 201 00ad 02       		.byte	2
 202 00ae BE       		.byte	-66
 203 00af 14       		.byte	20
 204 00b0 C0       		.byte	-64
 205 00b1 51       		.byte	81
 206 00b2 C1       		.byte	-63
 207 00b3 04       		.byte	4
 208 00b4 C9       		.byte	-55
 209 00b5 FF       		.byte	-1
 210 00b6 CA       		.byte	-54
 211 00b7 FF       		.byte	-1
 212 00b8 CB       		.byte	-53
 213 00b9 FF       		.byte	-1
 214 00ba CD       		.byte	-51
 215 00bb AF       		.byte	-81
 216 00bc CE       		.byte	-50
 217 00bd 07       		.byte	7
 218 00be CF       		.byte	-49
 219 00bf 01       		.byte	1
 220 00c0 D0       		.byte	-48
 221 00c1 18       		.byte	24
 222 00c2 D8       		.byte	-40
 223 00c3 04       		.byte	4
 224 00c4 DA       		.byte	-38
 225 00c5 04       		.byte	4
 226 00c6 DD       		.byte	-35
 227 00c7 01       		.byte	1
 228 00c8 DF       		.byte	-33
ARM GAS  C:\Users\rohi2\AppData\Local\Temp\ccao4xZ4.s 			page 5


 229 00c9 01       		.byte	1
 230 00ca E0       		.byte	-32
 231 00cb 40       		.byte	64
 232 00cc E2       		.byte	-30
 233 00cd 80       		.byte	-128
 234 00ce E4       		.byte	-28
 235 00cf 40       		.byte	64
 236 00d0 E5       		.byte	-27
 237 00d1 40       		.byte	64
 238 00d2 E6       		.byte	-26
 239 00d3 80       		.byte	-128
 240 00d4 E8       		.byte	-24
 241 00d5 40       		.byte	64
 242 00d6 EA       		.byte	-22
 243 00d7 50       		.byte	80
 244 00d8 EB       		.byte	-21
 245 00d9 A8       		.byte	-88
 246 00da EC       		.byte	-20
 247 00db 40       		.byte	64
 248 00dc ED       		.byte	-19
 249 00dd 20       		.byte	32
 250 00de EE       		.byte	-18
 251 00df 50       		.byte	80
 252 00e0 EF       		.byte	-17
 253 00e1 A8       		.byte	-88
 254 00e2 01       		.byte	1
 255 00e3 0A       		.byte	10
 256 00e4 02       		.byte	2
 257 00e5 01       		.byte	1
 258 00e6 0A       		.byte	10
 259 00e7 10       		.byte	16
 260 00e8 0F       		.byte	15
 261 00e9 01       		.byte	1
 262 00ea 10       		.byte	16
 263 00eb 02       		.byte	2
 264 00ec 16       		.byte	22
 265 00ed 80       		.byte	-128
 266 00ee 18       		.byte	24
 267 00ef 01       		.byte	1
 268 00f0 19       		.byte	25
 269 00f1 82       		.byte	-126
 270 00f2 1A       		.byte	26
 271 00f3 14       		.byte	20
 272 00f4 1B       		.byte	27
 273 00f5 40       		.byte	64
 274 00f6 1D       		.byte	29
 275 00f7 20       		.byte	32
 276 00f8 1F       		.byte	31
 277 00f9 08       		.byte	8
 278 00fa 3C       		.byte	60
 279 00fb 02       		.byte	2
 280 00fc 3D       		.byte	61
 281 00fd 02       		.byte	2
 282 00fe 40       		.byte	64
 283 00ff 01       		.byte	1
 284 0100 41       		.byte	65
 285 0101 01       		.byte	1
ARM GAS  C:\Users\rohi2\AppData\Local\Temp\ccao4xZ4.s 			page 6


 286 0102 45       		.byte	69
 287 0103 01       		.byte	1
 288 0104 46       		.byte	70
 289 0105 01       		.byte	1
 290 0106 48       		.byte	72
 291 0107 01       		.byte	1
 292 0108 4F       		.byte	79
 293 0109 80       		.byte	-128
 294 010a 70       		.byte	112
 295 010b 02       		.byte	2
 296 010c 93       		.byte	-109
 297 010d 01       		.byte	1
 298 010e 9A       		.byte	-102
 299 010f 80       		.byte	-128
 300 0110 A5       		.byte	-91
 301 0111 20       		.byte	32
 302 0112 A7       		.byte	-89
 303 0113 08       		.byte	8
 304 0114 B2       		.byte	-78
 305 0115 80       		.byte	-128
 306 0116 B7       		.byte	-73
 307 0117 01       		.byte	1
 308 0118 C0       		.byte	-64
 309 0119 0D       		.byte	13
 310 011a C2       		.byte	-62
 311 011b 84       		.byte	-124
 312 011c C4       		.byte	-60
 313 011d 11       		.byte	17
 314 011e D0       		.byte	-48
 315 011f 99       		.byte	-103
 316 0120 D2       		.byte	-46
 317 0121 18       		.byte	24
 318 0122 EC       		.byte	-20
 319 0123 30       		.byte	48
 320 0124 40       		.byte	64
 321 0125 54       		.byte	84
 322 0126 41       		.byte	65
 323 0127 01       		.byte	1
 324 0128 49       		.byte	73
 325 0129 FF       		.byte	-1
 326 012a 4A       		.byte	74
 327 012b FF       		.byte	-1
 328 012c 4B       		.byte	75
 329 012d FF       		.byte	-1
 330 012e 4D       		.byte	77
 331 012f AF       		.byte	-81
 332 0130 4E       		.byte	78
 333 0131 07       		.byte	7
 334 0132 4F       		.byte	79
 335 0133 01       		.byte	1
 336 0134 50       		.byte	80
 337 0135 18       		.byte	24
 338 0136 5A       		.byte	90
 339 0137 04       		.byte	4
 340 0138 5D       		.byte	93
 341 0139 01       		.byte	1
 342 013a 5F       		.byte	95
ARM GAS  C:\Users\rohi2\AppData\Local\Temp\ccao4xZ4.s 			page 7


 343 013b 01       		.byte	1
 344 013c 60       		.byte	96
 345 013d 40       		.byte	64
 346 013e 62       		.byte	98
 347 013f 80       		.byte	-128
 348 0140 64       		.byte	100
 349 0141 40       		.byte	64
 350 0142 65       		.byte	101
 351 0143 40       		.byte	64
 352 0144 66       		.byte	102
 353 0145 80       		.byte	-128
 354 0146 68       		.byte	104
 355 0147 40       		.byte	64
 356 0148 6A       		.byte	106
 357 0149 50       		.byte	80
 358 014a 6B       		.byte	107
 359 014b A8       		.byte	-88
 360 014c 6C       		.byte	108
 361 014d 40       		.byte	64
 362 014e 6D       		.byte	109
 363 014f 20       		.byte	32
 364 0150 6E       		.byte	110
 365 0151 50       		.byte	80
 366 0152 6F       		.byte	111
 367 0153 A8       		.byte	-88
 368 0154 8C       		.byte	-116
 369 0155 01       		.byte	1
 370 0156 A0       		.byte	-96
 371 0157 03       		.byte	3
 372 0158 A4       		.byte	-92
 373 0159 03       		.byte	3
 374 015a B0       		.byte	-80
 375 015b 02       		.byte	2
 376 015c B6       		.byte	-74
 377 015d 01       		.byte	1
 378 015e BE       		.byte	-66
 379 015f 40       		.byte	64
 380 0160 C0       		.byte	-64
 381 0161 54       		.byte	84
 382 0162 C1       		.byte	-63
 383 0163 01       		.byte	1
 384 0164 C5       		.byte	-59
 385 0165 45       		.byte	69
 386 0166 C6       		.byte	-58
 387 0167 C2       		.byte	-62
 388 0168 C7       		.byte	-57
 389 0169 0E       		.byte	14
 390 016a C8       		.byte	-56
 391 016b 3F       		.byte	63
 392 016c C9       		.byte	-55
 393 016d FF       		.byte	-1
 394 016e CA       		.byte	-54
 395 016f FF       		.byte	-1
 396 0170 CB       		.byte	-53
 397 0171 FF       		.byte	-1
 398 0172 CD       		.byte	-51
 399 0173 AF       		.byte	-81
ARM GAS  C:\Users\rohi2\AppData\Local\Temp\ccao4xZ4.s 			page 8


 400 0174 CE       		.byte	-50
 401 0175 07       		.byte	7
 402 0176 CF       		.byte	-49
 403 0177 01       		.byte	1
 404 0178 D0       		.byte	-48
 405 0179 18       		.byte	24
 406 017a D4       		.byte	-44
 407 017b 07       		.byte	7
 408 017c D8       		.byte	-40
 409 017d 04       		.byte	4
 410 017e DA       		.byte	-38
 411 017f 04       		.byte	4
 412 0180 DB       		.byte	-37
 413 0181 04       		.byte	4
 414 0182 DC       		.byte	-36
 415 0183 01       		.byte	1
 416 0184 DD       		.byte	-35
 417 0185 11       		.byte	17
 418 0186 DF       		.byte	-33
 419 0187 01       		.byte	1
 420 0188 E0       		.byte	-32
 421 0189 40       		.byte	64
 422 018a E2       		.byte	-30
 423 018b 80       		.byte	-128
 424 018c E4       		.byte	-28
 425 018d 40       		.byte	64
 426 018e E5       		.byte	-27
 427 018f 40       		.byte	64
 428 0190 E6       		.byte	-26
 429 0191 80       		.byte	-128
 430 0192 E8       		.byte	-24
 431 0193 40       		.byte	64
 432 0194 EA       		.byte	-22
 433 0195 50       		.byte	80
 434 0196 EB       		.byte	-21
 435 0197 A8       		.byte	-88
 436 0198 EC       		.byte	-20
 437 0199 40       		.byte	64
 438 019a ED       		.byte	-19
 439 019b 20       		.byte	32
 440 019c EE       		.byte	-18
 441 019d 50       		.byte	80
 442 019e EF       		.byte	-17
 443 019f A8       		.byte	-88
 444 01a0 00       		.byte	0
 445 01a1 40       		.byte	64
 446 01a2 10       		.byte	16
 447 01a3 A0       		.byte	-96
 448 01a4 18       		.byte	24
 449 01a5 40       		.byte	64
 450 01a6 19       		.byte	25
 451 01a7 40       		.byte	64
 452 01a8 41       		.byte	65
 453 01a9 81       		.byte	-127
 454 01aa 45       		.byte	69
 455 01ab 82       		.byte	-126
 456 01ac 48       		.byte	72
ARM GAS  C:\Users\rohi2\AppData\Local\Temp\ccao4xZ4.s 			page 9


 457 01ad A0       		.byte	-96
 458 01ae 49       		.byte	73
 459 01af 80       		.byte	-128
 460 01b0 4F       		.byte	79
 461 01b1 80       		.byte	-128
 462 01b2 51       		.byte	81
 463 01b3 0B       		.byte	11
 464 01b4 52       		.byte	82
 465 01b5 11       		.byte	17
 466 01b6 53       		.byte	83
 467 01b7 80       		.byte	-128
 468 01b8 58       		.byte	88
 469 01b9 20       		.byte	32
 470 01ba 59       		.byte	89
 471 01bb 40       		.byte	64
 472 01bc 5A       		.byte	90
 473 01bd 04       		.byte	4
 474 01be 61       		.byte	97
 475 01bf 08       		.byte	8
 476 01c0 62       		.byte	98
 477 01c1 10       		.byte	16
 478 01c2 80       		.byte	-128
 479 01c3 20       		.byte	32
 480 01c4 83       		.byte	-125
 481 01c5 80       		.byte	-128
 482 01c6 92       		.byte	-110
 483 01c7 04       		.byte	4
 484 01c8 95       		.byte	-107
 485 01c9 02       		.byte	2
 486 01ca 99       		.byte	-103
 487 01cb 80       		.byte	-128
 488 01cc 9D       		.byte	-99
 489 01cd 08       		.byte	8
 490 01ce 9E       		.byte	-98
 491 01cf 01       		.byte	1
 492 01d0 A3       		.byte	-93
 493 01d1 40       		.byte	64
 494 01d2 A4       		.byte	-92
 495 01d3 01       		.byte	1
 496 01d4 C0       		.byte	-64
 497 01d5 01       		.byte	1
 498 01d6 C4       		.byte	-60
 499 01d7 0C       		.byte	12
 500 01d8 D0       		.byte	-48
 501 01d9 99       		.byte	-103
 502 01da D2       		.byte	-46
 503 01db 18       		.byte	24
 504 01dc D6       		.byte	-42
 505 01dd 0E       		.byte	14
 506 01de D8       		.byte	-40
 507 01df 06       		.byte	6
 508 01e0 00       		.byte	0
 509 01e1 01       		.byte	1
 510 01e2 12       		.byte	18
 511 01e3 01       		.byte	1
 512 01e4 14       		.byte	20
 513 01e5 08       		.byte	8
ARM GAS  C:\Users\rohi2\AppData\Local\Temp\ccao4xZ4.s 			page 10


 514 01e6 1E       		.byte	30
 515 01e7 03       		.byte	3
 516 01e8 2A       		.byte	42
 517 01e9 0C       		.byte	12
 518 01ea 30       		.byte	48
 519 01eb 02       		.byte	2
 520 01ec 32       		.byte	50
 521 01ed 04       		.byte	4
 522 01ee 34       		.byte	52
 523 01ef 08       		.byte	8
 524 01f0 36       		.byte	54
 525 01f1 01       		.byte	1
 526 01f2 3E       		.byte	62
 527 01f3 50       		.byte	80
 528 01f4 40       		.byte	64
 529 01f5 16       		.byte	22
 530 01f6 41       		.byte	65
 531 01f7 05       		.byte	5
 532 01f8 49       		.byte	73
 533 01f9 FF       		.byte	-1
 534 01fa 4A       		.byte	74
 535 01fb FF       		.byte	-1
 536 01fc 4B       		.byte	75
 537 01fd FF       		.byte	-1
 538 01fe 4D       		.byte	77
 539 01ff A0       		.byte	-96
 540 0200 4F       		.byte	79
 541 0201 01       		.byte	1
 542 0202 50       		.byte	80
 543 0203 18       		.byte	24
 544 0204 52       		.byte	82
 545 0205 80       		.byte	-128
 546 0206 58       		.byte	88
 547 0207 04       		.byte	4
 548 0208 5A       		.byte	90
 549 0209 04       		.byte	4
 550 020a 5B       		.byte	91
 551 020b 04       		.byte	4
 552 020c 5F       		.byte	95
 553 020d 01       		.byte	1
 554 020e 60       		.byte	96
 555 020f 40       		.byte	64
 556 0210 62       		.byte	98
 557 0211 80       		.byte	-128
 558 0212 64       		.byte	100
 559 0213 40       		.byte	64
 560 0214 65       		.byte	101
 561 0215 40       		.byte	64
 562 0216 66       		.byte	102
 563 0217 80       		.byte	-128
 564 0218 68       		.byte	104
 565 0219 40       		.byte	64
 566 021a 6A       		.byte	106
 567 021b 50       		.byte	80
 568 021c 6B       		.byte	107
 569 021d A8       		.byte	-88
 570 021e 6C       		.byte	108
ARM GAS  C:\Users\rohi2\AppData\Local\Temp\ccao4xZ4.s 			page 11


 571 021f 40       		.byte	64
 572 0220 6D       		.byte	109
 573 0221 20       		.byte	32
 574 0222 6E       		.byte	110
 575 0223 50       		.byte	80
 576 0224 6F       		.byte	111
 577 0225 A8       		.byte	-88
 578 0226 A8       		.byte	-88
 579 0227 01       		.byte	1
 580 0228 B6       		.byte	-74
 581 0229 01       		.byte	1
 582 022a BE       		.byte	-66
 583 022b 40       		.byte	64
 584 022c C0       		.byte	-64
 585 022d 56       		.byte	86
 586 022e C1       		.byte	-63
 587 022f 01       		.byte	1
 588 0230 C9       		.byte	-55
 589 0231 FF       		.byte	-1
 590 0232 CA       		.byte	-54
 591 0233 FF       		.byte	-1
 592 0234 CB       		.byte	-53
 593 0235 FF       		.byte	-1
 594 0236 CD       		.byte	-51
 595 0237 AF       		.byte	-81
 596 0238 CE       		.byte	-50
 597 0239 07       		.byte	7
 598 023a CF       		.byte	-49
 599 023b 01       		.byte	1
 600 023c D0       		.byte	-48
 601 023d 18       		.byte	24
 602 023e D8       		.byte	-40
 603 023f 04       		.byte	4
 604 0240 DA       		.byte	-38
 605 0241 04       		.byte	4
 606 0242 DF       		.byte	-33
 607 0243 01       		.byte	1
 608 0244 E0       		.byte	-32
 609 0245 40       		.byte	64
 610 0246 E2       		.byte	-30
 611 0247 80       		.byte	-128
 612 0248 E4       		.byte	-28
 613 0249 40       		.byte	64
 614 024a E5       		.byte	-27
 615 024b 40       		.byte	64
 616 024c E6       		.byte	-26
 617 024d 80       		.byte	-128
 618 024e E8       		.byte	-24
 619 024f 40       		.byte	64
 620 0250 EA       		.byte	-22
 621 0251 50       		.byte	80
 622 0252 EB       		.byte	-21
 623 0253 A8       		.byte	-88
 624 0254 EC       		.byte	-20
 625 0255 40       		.byte	64
 626 0256 ED       		.byte	-19
 627 0257 20       		.byte	32
ARM GAS  C:\Users\rohi2\AppData\Local\Temp\ccao4xZ4.s 			page 12


 628 0258 EE       		.byte	-18
 629 0259 50       		.byte	80
 630 025a EF       		.byte	-17
 631 025b A8       		.byte	-88
 632 025c 01       		.byte	1
 633 025d 02       		.byte	2
 634 025e 08       		.byte	8
 635 025f 80       		.byte	-128
 636 0260 09       		.byte	9
 637 0261 02       		.byte	2
 638 0262 0A       		.byte	10
 639 0263 10       		.byte	16
 640 0264 10       		.byte	16
 641 0265 08       		.byte	8
 642 0266 17       		.byte	23
 643 0267 20       		.byte	32
 644 0268 18       		.byte	24
 645 0269 01       		.byte	1
 646 026a 19       		.byte	25
 647 026b 02       		.byte	2
 648 026c 1A       		.byte	26
 649 026d 15       		.byte	21
 650 026e 1B       		.byte	27
 651 026f 40       		.byte	64
 652 0270 1F       		.byte	31
 653 0271 40       		.byte	64
 654 0272 40       		.byte	64
 655 0273 01       		.byte	1
 656 0274 45       		.byte	69
 657 0275 80       		.byte	-128
 658 0276 48       		.byte	72
 659 0277 09       		.byte	9
 660 0278 4C       		.byte	76
 661 0279 08       		.byte	8
 662 027a 4F       		.byte	79
 663 027b 80       		.byte	-128
 664 027c 71       		.byte	113
 665 027d 02       		.byte	2
 666 027e 81       		.byte	-127
 667 027f 08       		.byte	8
 668 0280 87       		.byte	-121
 669 0281 60       		.byte	96
 670 0282 96       		.byte	-106
 671 0283 05       		.byte	5
 672 0284 98       		.byte	-104
 673 0285 80       		.byte	-128
 674 0286 9D       		.byte	-99
 675 0287 08       		.byte	8
 676 0288 A0       		.byte	-96
 677 0289 09       		.byte	9
 678 028a A1       		.byte	-95
 679 028b 80       		.byte	-128
 680 028c A7       		.byte	-89
 681 028d 40       		.byte	64
 682 028e A8       		.byte	-88
 683 028f 80       		.byte	-128
 684 0290 C0       		.byte	-64
ARM GAS  C:\Users\rohi2\AppData\Local\Temp\ccao4xZ4.s 			page 13


 685 0291 08       		.byte	8
 686 0292 C2       		.byte	-62
 687 0293 0D       		.byte	13
 688 0294 C4       		.byte	-60
 689 0295 42       		.byte	66
 690 0296 D0       		.byte	-48
 691 0297 18       		.byte	24
 692 0298 D2       		.byte	-46
 693 0299 3C       		.byte	60
 694 029a 38       		.byte	56
 695 029b 80       		.byte	-128
 696 029c 3E       		.byte	62
 697 029d 40       		.byte	64
 698 029e 40       		.byte	64
 699 029f 56       		.byte	86
 700 02a0 41       		.byte	65
 701 02a1 01       		.byte	1
 702 02a2 49       		.byte	73
 703 02a3 FF       		.byte	-1
 704 02a4 4A       		.byte	74
 705 02a5 FF       		.byte	-1
 706 02a6 4B       		.byte	75
 707 02a7 FF       		.byte	-1
 708 02a8 4D       		.byte	77
 709 02a9 AF       		.byte	-81
 710 02aa 4E       		.byte	78
 711 02ab 07       		.byte	7
 712 02ac 4F       		.byte	79
 713 02ad 01       		.byte	1
 714 02ae 50       		.byte	80
 715 02af 18       		.byte	24
 716 02b0 58       		.byte	88
 717 02b1 04       		.byte	4
 718 02b2 5A       		.byte	90
 719 02b3 04       		.byte	4
 720 02b4 5F       		.byte	95
 721 02b5 01       		.byte	1
 722 02b6 60       		.byte	96
 723 02b7 40       		.byte	64
 724 02b8 62       		.byte	98
 725 02b9 80       		.byte	-128
 726 02ba 64       		.byte	100
 727 02bb 40       		.byte	64
 728 02bc 65       		.byte	101
 729 02bd 40       		.byte	64
 730 02be 66       		.byte	102
 731 02bf 80       		.byte	-128
 732 02c0 68       		.byte	104
 733 02c1 40       		.byte	64
 734 02c2 6A       		.byte	106
 735 02c3 50       		.byte	80
 736 02c4 6B       		.byte	107
 737 02c5 A8       		.byte	-88
 738 02c6 6C       		.byte	108
 739 02c7 40       		.byte	64
 740 02c8 6D       		.byte	109
 741 02c9 20       		.byte	32
ARM GAS  C:\Users\rohi2\AppData\Local\Temp\ccao4xZ4.s 			page 14


 742 02ca 6E       		.byte	110
 743 02cb 50       		.byte	80
 744 02cc 6F       		.byte	111
 745 02cd A8       		.byte	-88
 746 02ce 88       		.byte	-120
 747 02cf 01       		.byte	1
 748 02d0 90       		.byte	-112
 749 02d1 03       		.byte	3
 750 02d2 A0       		.byte	-96
 751 02d3 03       		.byte	3
 752 02d4 B2       		.byte	-78
 753 02d5 02       		.byte	2
 754 02d6 B6       		.byte	-74
 755 02d7 01       		.byte	1
 756 02d8 BE       		.byte	-66
 757 02d9 40       		.byte	64
 758 02da C0       		.byte	-64
 759 02db 16       		.byte	22
 760 02dc C1       		.byte	-63
 761 02dd 05       		.byte	5
 762 02de C5       		.byte	-59
 763 02df 4E       		.byte	78
 764 02e0 C6       		.byte	-58
 765 02e1 C2       		.byte	-62
 766 02e2 C7       		.byte	-57
 767 02e3 50       		.byte	80
 768 02e4 C8       		.byte	-56
 769 02e5 3F       		.byte	63
 770 02e6 C9       		.byte	-55
 771 02e7 FF       		.byte	-1
 772 02e8 CA       		.byte	-54
 773 02e9 FF       		.byte	-1
 774 02ea CB       		.byte	-53
 775 02eb FF       		.byte	-1
 776 02ec CD       		.byte	-51
 777 02ed AF       		.byte	-81
 778 02ee CE       		.byte	-50
 779 02ef 07       		.byte	7
 780 02f0 CF       		.byte	-49
 781 02f1 01       		.byte	1
 782 02f2 D0       		.byte	-48
 783 02f3 18       		.byte	24
 784 02f4 D4       		.byte	-44
 785 02f5 07       		.byte	7
 786 02f6 D8       		.byte	-40
 787 02f7 04       		.byte	4
 788 02f8 DA       		.byte	-38
 789 02f9 04       		.byte	4
 790 02fa DB       		.byte	-37
 791 02fb 04       		.byte	4
 792 02fc DF       		.byte	-33
 793 02fd 01       		.byte	1
 794 02fe E0       		.byte	-32
 795 02ff 40       		.byte	64
 796 0300 E2       		.byte	-30
 797 0301 80       		.byte	-128
 798 0302 E4       		.byte	-28
ARM GAS  C:\Users\rohi2\AppData\Local\Temp\ccao4xZ4.s 			page 15


 799 0303 40       		.byte	64
 800 0304 E5       		.byte	-27
 801 0305 40       		.byte	64
 802 0306 E6       		.byte	-26
 803 0307 80       		.byte	-128
 804 0308 E8       		.byte	-24
 805 0309 40       		.byte	64
 806 030a EA       		.byte	-22
 807 030b 50       		.byte	80
 808 030c EB       		.byte	-21
 809 030d A8       		.byte	-88
 810 030e EC       		.byte	-20
 811 030f 40       		.byte	64
 812 0310 ED       		.byte	-19
 813 0311 20       		.byte	32
 814 0312 EE       		.byte	-18
 815 0313 50       		.byte	80
 816 0314 EF       		.byte	-17
 817 0315 A8       		.byte	-88
 818 0316 00       		.byte	0
 819 0317 10       		.byte	16
 820 0318 09       		.byte	9
 821 0319 02       		.byte	2
 822 031a 10       		.byte	16
 823 031b 80       		.byte	-128
 824 031c 18       		.byte	24
 825 031d 10       		.byte	16
 826 031e 19       		.byte	25
 827 031f 40       		.byte	64
 828 0320 1C       		.byte	28
 829 0321 02       		.byte	2
 830 0322 1D       		.byte	29
 831 0323 80       		.byte	-128
 832 0324 42       		.byte	66
 833 0325 01       		.byte	1
 834 0326 45       		.byte	69
 835 0327 80       		.byte	-128
 836 0328 48       		.byte	72
 837 0329 89       		.byte	-119
 838 032a 49       		.byte	73
 839 032b 04       		.byte	4
 840 032c 4C       		.byte	76
 841 032d 08       		.byte	8
 842 032e 4F       		.byte	79
 843 032f 80       		.byte	-128
 844 0330 50       		.byte	80
 845 0331 08       		.byte	8
 846 0332 51       		.byte	81
 847 0333 42       		.byte	66
 848 0334 52       		.byte	82
 849 0335 10       		.byte	16
 850 0336 59       		.byte	89
 851 0337 40       		.byte	64
 852 0338 5A       		.byte	90
 853 0339 14       		.byte	20
 854 033a 61       		.byte	97
 855 033b 04       		.byte	4
ARM GAS  C:\Users\rohi2\AppData\Local\Temp\ccao4xZ4.s 			page 16


 856 033c 62       		.byte	98
 857 033d 10       		.byte	16
 858 033e 81       		.byte	-127
 859 033f 40       		.byte	64
 860 0340 82       		.byte	-126
 861 0341 10       		.byte	16
 862 0342 9D       		.byte	-99
 863 0343 08       		.byte	8
 864 0344 A4       		.byte	-92
 865 0345 01       		.byte	1
 866 0346 A5       		.byte	-91
 867 0347 80       		.byte	-128
 868 0348 C0       		.byte	-64
 869 0349 02       		.byte	2
 870 034a C2       		.byte	-62
 871 034b 08       		.byte	8
 872 034c C4       		.byte	-60
 873 034d 08       		.byte	8
 874 034e D0       		.byte	-48
 875 034f 18       		.byte	24
 876 0350 D2       		.byte	-46
 877 0351 3C       		.byte	60
 878 0352 D6       		.byte	-42
 879 0353 0E       		.byte	14
 880 0354 D8       		.byte	-40
 881 0355 06       		.byte	6
 882 0356 30       		.byte	48
 883 0357 22       		.byte	34
 884 0358 35       		.byte	53
 885 0359 40       		.byte	64
 886 035a 37       		.byte	55
 887 035b 02       		.byte	2
 888 035c 3B       		.byte	59
 889 035d 10       		.byte	16
 890 035e 84       		.byte	-124
 891 035f 02       		.byte	2
 892 0360 87       		.byte	-121
 893 0361 02       		.byte	2
 894 0362 CC       		.byte	-52
 895 0363 F0       		.byte	-16
 896 0364 CE       		.byte	-50
 897 0365 10       		.byte	16
 898 0366 E2       		.byte	-30
 899 0367 10       		.byte	16
 900 0368 E6       		.byte	-26
 901 0369 40       		.byte	64
 902 036a 02       		.byte	2
 903 036b 02       		.byte	2
 904 036c 05       		.byte	5
 905 036d 40       		.byte	64
 906 036e 07       		.byte	7
 907 036f 04       		.byte	4
 908 0370 97       		.byte	-105
 909 0371 10       		.byte	16
 910 0372 9D       		.byte	-99
 911 0373 40       		.byte	64
 912 0374 A4       		.byte	-92
ARM GAS  C:\Users\rohi2\AppData\Local\Temp\ccao4xZ4.s 			page 17


 913 0375 20       		.byte	32
 914 0376 C0       		.byte	-64
 915 0377 C0       		.byte	-64
 916 0378 97       		.byte	-105
 917 0379 10       		.byte	16
 918 037a B0       		.byte	-80
 919 037b 20       		.byte	32
 920 037c B2       		.byte	-78
 921 037d 02       		.byte	2
 922 037e B7       		.byte	-73
 923 037f 04       		.byte	4
 924 0380 97       		.byte	-105
 925 0381 10       		.byte	16
 926 0382 27       		.byte	39
 927 0383 40       		.byte	64
 928 0384 97       		.byte	-105
 929 0385 10       		.byte	16
 930 0386 C8       		.byte	-56
 931 0387 80       		.byte	-128
 932 0388 02       		.byte	2
 933 0389 10       		.byte	16
 934 038a 1B       		.byte	27
 935 038b 20       		.byte	32
 936 038c 83       		.byte	-125
 937 038d 20       		.byte	32
 938 038e 86       		.byte	-122
 939 038f 10       		.byte	16
 940 0390 87       		.byte	-121
 941 0391 10       		.byte	16
 942 0392 97       		.byte	-105
 943 0393 10       		.byte	16
 944 0394 AB       		.byte	-85
 945 0395 40       		.byte	64
 946 0396 C0       		.byte	-64
 947 0397 10       		.byte	16
 948 0398 C6       		.byte	-58
 949 0399 40       		.byte	64
 950 039a E0       		.byte	-32
 951 039b 40       		.byte	64
 952 039c E2       		.byte	-30
 953 039d 10       		.byte	16
 954 039e E4       		.byte	-28
 955 039f 20       		.byte	32
 956 03a0 EC       		.byte	-20
 957 03a1 80       		.byte	-128
 958 03a2 00       		.byte	0
 959 03a3 02       		.byte	2
 960 03a4 0A       		.byte	10
 961 03a5 02       		.byte	2
 962 03a6 10       		.byte	16
 963 03a7 01       		.byte	1
 964 03a8 1A       		.byte	26
 965 03a9 01       		.byte	1
 966 03aa 00       		.byte	0
 967 03ab FF       		.byte	-1
 968 03ac 01       		.byte	1
 969 03ad 03       		.byte	3
ARM GAS  C:\Users\rohi2\AppData\Local\Temp\ccao4xZ4.s 			page 18


 970 03ae 00       		.byte	0
 971 03af 00       		.byte	0
 972 03b0 0C       		.byte	12
 973 03b1 20       		.byte	32
 974 03b2 20       		.byte	32
 975 03b3 00       		.byte	0
 976 03b4 00       		.byte	0
 977 03b5 00       		.byte	0
 978 03b6 00       		.byte	0
 979 03b7 00       		.byte	0
 980 03b8 00       		.byte	0
 981 03b9 D5       		.byte	-43
 982 03ba D5       		.byte	-43
 983 03bb 00       		.byte	0
 984 03bc 00       		.byte	0
 985 03bd 00       		.byte	0
 986 03be 00       		.byte	0
 987 03bf 00       		.byte	0
 988 03c0 00       		.byte	0
 989 03c1 4F       		.byte	79
 990 03c2 4F       		.byte	79
 991 03c3 00       		.byte	0
 992 03c4 00       		.byte	0
 993 03c5 00       		.byte	0
 994 03c6 00       		.byte	0
 995 03c7 00       		.byte	0
 996 03c8 00       		.byte	0
 997 03c9 14       		.byte	20
 998 03ca 14       		.byte	20
 999 03cb 00       		.byte	0
 1000 03cc 00       		.byte	0
 1001 03cd 00       		.byte	0
 1002 03ce 00       		.byte	0
 1003 03cf 00       		.byte	0
 1004 03d0 01       		.byte	1
 1005 03d1 FE       		.byte	-2
 1006 03d2 FE       		.byte	-2
 1007 03d3 00       		.byte	0
 1008 03d4 00       		.byte	0
 1009 03d5 00       		.byte	0
 1010 03d6 00       		.byte	0
 1011 03d7 00       		.byte	0
 1012              		.section	.cywolatch,"a",%progbits
 1013              		.align	2
 1014              		.type	cy_meta_wonvl, %object
 1015              		.size	cy_meta_wonvl, 4
 1016              	cy_meta_wonvl:
 1017 0000 BC       		.byte	-68
 1018 0001 90       		.byte	-112
 1019 0002 AC       		.byte	-84
 1020 0003 AF       		.byte	-81
 1021              		.section	.cycustnvl,"a",%progbits
 1022              		.align	2
 1023              		.type	cy_meta_custnvl, %object
 1024              		.size	cy_meta_custnvl, 4
 1025              	cy_meta_custnvl:
 1026 0000 00       		.byte	0
ARM GAS  C:\Users\rohi2\AppData\Local\Temp\ccao4xZ4.s 			page 19


 1027 0001 00       		.byte	0
 1028 0002 40       		.byte	64
 1029 0003 05       		.byte	5
 1030              		.section	.cymeta,"a",%progbits
 1031              		.align	2
 1032              		.type	cy_metadata, %object
 1033              		.size	cy_metadata, 12
 1034              	cy_metadata:
 1035 0000 00       		.byte	0
 1036 0001 01       		.byte	1
 1037 0002 2E       		.byte	46
 1038 0003 16       		.byte	22
 1039 0004 10       		.byte	16
 1040 0005 69       		.byte	105
 1041 0006 00       		.byte	0
 1042 0007 01       		.byte	1
 1043 0008 00       		.byte	0
 1044 0009 00       		.byte	0
 1045 000a 00       		.byte	0
 1046 000b 00       		.byte	0
 1047              		.section	.cyflashprotect,"a",%progbits
 1048              		.align	2
 1049              		.type	cy_meta_flashprotect, %object
 1050              		.size	cy_meta_flashprotect, 256
 1051              	cy_meta_flashprotect:
 1052 0000 00000000 		.space	256
 1052      00000000 
 1052      00000000 
 1052      00000000 
 1052      00000000 
 1053              		.text
 1054              	.Letext0:
 1055              		.file 1 "Generated_Source\\PSoC5\\cymetadata.c"
 1056              		.file 2 "Generated_Source\\PSoC5\\cytypes.h"
 1057              		.section	.debug_info,"",%progbits
 1058              	.Ldebug_info0:
 1059 0000 37010000 		.4byte	0x137
 1060 0004 0400     		.2byte	0x4
 1061 0006 00000000 		.4byte	.Ldebug_abbrev0
 1062 000a 04       		.byte	0x4
 1063 000b 01       		.uleb128 0x1
 1064 000c 6E000000 		.4byte	.LASF18
 1065 0010 01       		.byte	0x1
 1066 0011 E4010000 		.4byte	.LASF19
 1067 0015 84010000 		.4byte	.LASF20
 1068 0019 00000000 		.4byte	.Ldebug_line0
 1069 001d 02       		.uleb128 0x2
 1070 001e 01       		.byte	0x1
 1071 001f 06       		.byte	0x6
 1072 0020 78010000 		.4byte	.LASF0
 1073 0024 02       		.uleb128 0x2
 1074 0025 01       		.byte	0x1
 1075 0026 08       		.byte	0x8
 1076 0027 12000000 		.4byte	.LASF1
 1077 002b 02       		.uleb128 0x2
 1078 002c 02       		.byte	0x2
 1079 002d 05       		.byte	0x5
ARM GAS  C:\Users\rohi2\AppData\Local\Temp\ccao4xZ4.s 			page 20


 1080 002e 5F010000 		.4byte	.LASF2
 1081 0032 02       		.uleb128 0x2
 1082 0033 02       		.byte	0x2
 1083 0034 07       		.byte	0x7
 1084 0035 32000000 		.4byte	.LASF3
 1085 0039 02       		.uleb128 0x2
 1086 003a 04       		.byte	0x4
 1087 003b 05       		.byte	0x5
 1088 003c 6F010000 		.4byte	.LASF4
 1089 0040 02       		.uleb128 0x2
 1090 0041 04       		.byte	0x4
 1091 0042 07       		.byte	0x7
 1092 0043 20000000 		.4byte	.LASF5
 1093 0047 02       		.uleb128 0x2
 1094 0048 08       		.byte	0x8
 1095 0049 05       		.byte	0x5
 1096 004a 4C010000 		.4byte	.LASF6
 1097 004e 02       		.uleb128 0x2
 1098 004f 08       		.byte	0x8
 1099 0050 07       		.byte	0x7
 1100 0051 09010000 		.4byte	.LASF7
 1101 0055 03       		.uleb128 0x3
 1102 0056 04       		.byte	0x4
 1103 0057 05       		.byte	0x5
 1104 0058 696E7400 		.ascii	"int\000"
 1105 005c 02       		.uleb128 0x2
 1106 005d 04       		.byte	0x4
 1107 005e 07       		.byte	0x7
 1108 005f FC000000 		.4byte	.LASF8
 1109 0063 04       		.uleb128 0x4
 1110 0064 69010000 		.4byte	.LASF21
 1111 0068 02       		.byte	0x2
 1112 0069 9201     		.2byte	0x192
 1113 006b 24000000 		.4byte	0x24
 1114 006f 02       		.uleb128 0x2
 1115 0070 04       		.byte	0x4
 1116 0071 04       		.byte	0x4
 1117 0072 0C000000 		.4byte	.LASF9
 1118 0076 02       		.uleb128 0x2
 1119 0077 08       		.byte	0x8
 1120 0078 04       		.byte	0x4
 1121 0079 45000000 		.4byte	.LASF10
 1122 007d 02       		.uleb128 0x2
 1123 007e 01       		.byte	0x1
 1124 007f 08       		.byte	0x8
 1125 0080 5A010000 		.4byte	.LASF11
 1126 0084 05       		.uleb128 0x5
 1127 0085 63000000 		.4byte	0x63
 1128 0089 95000000 		.4byte	0x95
 1129 008d 06       		.uleb128 0x6
 1130 008e 95000000 		.4byte	0x95
 1131 0092 D703     		.2byte	0x3d7
 1132 0094 00       		.byte	0
 1133 0095 02       		.uleb128 0x2
 1134 0096 04       		.byte	0x4
 1135 0097 07       		.byte	0x7
 1136 0098 43010000 		.4byte	.LASF12
ARM GAS  C:\Users\rohi2\AppData\Local\Temp\ccao4xZ4.s 			page 21


 1137 009c 07       		.uleb128 0x7
 1138 009d 5C000000 		.4byte	.LASF13
 1139 00a1 01       		.byte	0x1
 1140 00a2 1F       		.byte	0x1f
 1141 00a3 AD000000 		.4byte	0xad
 1142 00a7 05       		.uleb128 0x5
 1143 00a8 03       		.byte	0x3
 1144 00a9 00000000 		.4byte	cy_meta_configecc
 1145 00ad 08       		.uleb128 0x8
 1146 00ae 84000000 		.4byte	0x84
 1147 00b2 05       		.uleb128 0x5
 1148 00b3 63000000 		.4byte	0x63
 1149 00b7 C2000000 		.4byte	0xc2
 1150 00bb 09       		.uleb128 0x9
 1151 00bc 95000000 		.4byte	0x95
 1152 00c0 03       		.byte	0x3
 1153 00c1 00       		.byte	0
 1154 00c2 07       		.uleb128 0x7
 1155 00c3 4C000000 		.4byte	.LASF14
 1156 00c7 01       		.byte	0x1
 1157 00c8 A7       		.byte	0xa7
 1158 00c9 D3000000 		.4byte	0xd3
 1159 00cd 05       		.uleb128 0x5
 1160 00ce 03       		.byte	0x3
 1161 00cf 00000000 		.4byte	cy_meta_custnvl
 1162 00d3 08       		.uleb128 0x8
 1163 00d4 B2000000 		.4byte	0xb2
 1164 00d8 07       		.uleb128 0x7
 1165 00d9 35010000 		.4byte	.LASF15
 1166 00dd 01       		.byte	0x1
 1167 00de B5       		.byte	0xb5
 1168 00df E9000000 		.4byte	0xe9
 1169 00e3 05       		.uleb128 0x5
 1170 00e4 03       		.byte	0x3
 1171 00e5 00000000 		.4byte	cy_meta_wonvl
 1172 00e9 08       		.uleb128 0x8
 1173 00ea B2000000 		.4byte	0xb2
 1174 00ee 05       		.uleb128 0x5
 1175 00ef 63000000 		.4byte	0x63
 1176 00f3 FE000000 		.4byte	0xfe
 1177 00f7 09       		.uleb128 0x9
 1178 00f8 95000000 		.4byte	0x95
 1179 00fc FF       		.byte	0xff
 1180 00fd 00       		.byte	0
 1181 00fe 07       		.uleb128 0x7
 1182 00ff 20010000 		.4byte	.LASF16
 1183 0103 01       		.byte	0x1
 1184 0104 C3       		.byte	0xc3
 1185 0105 0F010000 		.4byte	0x10f
 1186 0109 05       		.uleb128 0x5
 1187 010a 03       		.byte	0x3
 1188 010b 00000000 		.4byte	cy_meta_flashprotect
 1189 010f 08       		.uleb128 0x8
 1190 0110 EE000000 		.4byte	0xee
 1191 0114 05       		.uleb128 0x5
 1192 0115 63000000 		.4byte	0x63
 1193 0119 24010000 		.4byte	0x124
ARM GAS  C:\Users\rohi2\AppData\Local\Temp\ccao4xZ4.s 			page 22


 1194 011d 09       		.uleb128 0x9
 1195 011e 95000000 		.4byte	0x95
 1196 0122 0B       		.byte	0xb
 1197 0123 00       		.byte	0
 1198 0124 07       		.uleb128 0x7
 1199 0125 00000000 		.4byte	.LASF17
 1200 0129 01       		.byte	0x1
 1201 012a F0       		.byte	0xf0
 1202 012b 35010000 		.4byte	0x135
 1203 012f 05       		.uleb128 0x5
 1204 0130 03       		.byte	0x3
 1205 0131 00000000 		.4byte	cy_metadata
 1206 0135 08       		.uleb128 0x8
 1207 0136 14010000 		.4byte	0x114
 1208 013a 00       		.byte	0
 1209              		.section	.debug_abbrev,"",%progbits
 1210              	.Ldebug_abbrev0:
 1211 0000 01       		.uleb128 0x1
 1212 0001 11       		.uleb128 0x11
 1213 0002 01       		.byte	0x1
 1214 0003 25       		.uleb128 0x25
 1215 0004 0E       		.uleb128 0xe
 1216 0005 13       		.uleb128 0x13
 1217 0006 0B       		.uleb128 0xb
 1218 0007 03       		.uleb128 0x3
 1219 0008 0E       		.uleb128 0xe
 1220 0009 1B       		.uleb128 0x1b
 1221 000a 0E       		.uleb128 0xe
 1222 000b 10       		.uleb128 0x10
 1223 000c 17       		.uleb128 0x17
 1224 000d 00       		.byte	0
 1225 000e 00       		.byte	0
 1226 000f 02       		.uleb128 0x2
 1227 0010 24       		.uleb128 0x24
 1228 0011 00       		.byte	0
 1229 0012 0B       		.uleb128 0xb
 1230 0013 0B       		.uleb128 0xb
 1231 0014 3E       		.uleb128 0x3e
 1232 0015 0B       		.uleb128 0xb
 1233 0016 03       		.uleb128 0x3
 1234 0017 0E       		.uleb128 0xe
 1235 0018 00       		.byte	0
 1236 0019 00       		.byte	0
 1237 001a 03       		.uleb128 0x3
 1238 001b 24       		.uleb128 0x24
 1239 001c 00       		.byte	0
 1240 001d 0B       		.uleb128 0xb
 1241 001e 0B       		.uleb128 0xb
 1242 001f 3E       		.uleb128 0x3e
 1243 0020 0B       		.uleb128 0xb
 1244 0021 03       		.uleb128 0x3
 1245 0022 08       		.uleb128 0x8
 1246 0023 00       		.byte	0
 1247 0024 00       		.byte	0
 1248 0025 04       		.uleb128 0x4
 1249 0026 16       		.uleb128 0x16
 1250 0027 00       		.byte	0
ARM GAS  C:\Users\rohi2\AppData\Local\Temp\ccao4xZ4.s 			page 23


 1251 0028 03       		.uleb128 0x3
 1252 0029 0E       		.uleb128 0xe
 1253 002a 3A       		.uleb128 0x3a
 1254 002b 0B       		.uleb128 0xb
 1255 002c 3B       		.uleb128 0x3b
 1256 002d 05       		.uleb128 0x5
 1257 002e 49       		.uleb128 0x49
 1258 002f 13       		.uleb128 0x13
 1259 0030 00       		.byte	0
 1260 0031 00       		.byte	0
 1261 0032 05       		.uleb128 0x5
 1262 0033 01       		.uleb128 0x1
 1263 0034 01       		.byte	0x1
 1264 0035 49       		.uleb128 0x49
 1265 0036 13       		.uleb128 0x13
 1266 0037 01       		.uleb128 0x1
 1267 0038 13       		.uleb128 0x13
 1268 0039 00       		.byte	0
 1269 003a 00       		.byte	0
 1270 003b 06       		.uleb128 0x6
 1271 003c 21       		.uleb128 0x21
 1272 003d 00       		.byte	0
 1273 003e 49       		.uleb128 0x49
 1274 003f 13       		.uleb128 0x13
 1275 0040 2F       		.uleb128 0x2f
 1276 0041 05       		.uleb128 0x5
 1277 0042 00       		.byte	0
 1278 0043 00       		.byte	0
 1279 0044 07       		.uleb128 0x7
 1280 0045 34       		.uleb128 0x34
 1281 0046 00       		.byte	0
 1282 0047 03       		.uleb128 0x3
 1283 0048 0E       		.uleb128 0xe
 1284 0049 3A       		.uleb128 0x3a
 1285 004a 0B       		.uleb128 0xb
 1286 004b 3B       		.uleb128 0x3b
 1287 004c 0B       		.uleb128 0xb
 1288 004d 49       		.uleb128 0x49
 1289 004e 13       		.uleb128 0x13
 1290 004f 3F       		.uleb128 0x3f
 1291 0050 19       		.uleb128 0x19
 1292 0051 02       		.uleb128 0x2
 1293 0052 18       		.uleb128 0x18
 1294 0053 00       		.byte	0
 1295 0054 00       		.byte	0
 1296 0055 08       		.uleb128 0x8
 1297 0056 26       		.uleb128 0x26
 1298 0057 00       		.byte	0
 1299 0058 49       		.uleb128 0x49
 1300 0059 13       		.uleb128 0x13
 1301 005a 00       		.byte	0
 1302 005b 00       		.byte	0
 1303 005c 09       		.uleb128 0x9
 1304 005d 21       		.uleb128 0x21
 1305 005e 00       		.byte	0
 1306 005f 49       		.uleb128 0x49
 1307 0060 13       		.uleb128 0x13
ARM GAS  C:\Users\rohi2\AppData\Local\Temp\ccao4xZ4.s 			page 24


 1308 0061 2F       		.uleb128 0x2f
 1309 0062 0B       		.uleb128 0xb
 1310 0063 00       		.byte	0
 1311 0064 00       		.byte	0
 1312 0065 00       		.byte	0
 1313              		.section	.debug_aranges,"",%progbits
 1314 0000 14000000 		.4byte	0x14
 1315 0004 0200     		.2byte	0x2
 1316 0006 00000000 		.4byte	.Ldebug_info0
 1317 000a 04       		.byte	0x4
 1318 000b 00       		.byte	0
 1319 000c 0000     		.2byte	0
 1320 000e 0000     		.2byte	0
 1321 0010 00000000 		.4byte	0
 1322 0014 00000000 		.4byte	0
 1323              		.section	.debug_line,"",%progbits
 1324              	.Ldebug_line0:
 1325 0000 4D000000 		.section	.debug_str,"MS",%progbits,1
 1325      02004700 
 1325      00000201 
 1325      FB0E0D00 
 1325      01010101 
 1326              	.LASF17:
 1327 0000 63795F6D 		.ascii	"cy_metadata\000"
 1327      65746164 
 1327      61746100 
 1328              	.LASF9:
 1329 000c 666C6F61 		.ascii	"float\000"
 1329      7400
 1330              	.LASF1:
 1331 0012 756E7369 		.ascii	"unsigned char\000"
 1331      676E6564 
 1331      20636861 
 1331      7200
 1332              	.LASF5:
 1333 0020 6C6F6E67 		.ascii	"long unsigned int\000"
 1333      20756E73 
 1333      69676E65 
 1333      6420696E 
 1333      7400
 1334              	.LASF3:
 1335 0032 73686F72 		.ascii	"short unsigned int\000"
 1335      7420756E 
 1335      7369676E 
 1335      65642069 
 1335      6E7400
 1336              	.LASF10:
 1337 0045 646F7562 		.ascii	"double\000"
 1337      6C6500
 1338              	.LASF14:
 1339 004c 63795F6D 		.ascii	"cy_meta_custnvl\000"
 1339      6574615F 
 1339      63757374 
 1339      6E766C00 
 1340              	.LASF13:
 1341 005c 63795F6D 		.ascii	"cy_meta_configecc\000"
 1341      6574615F 
ARM GAS  C:\Users\rohi2\AppData\Local\Temp\ccao4xZ4.s 			page 25


 1341      636F6E66 
 1341      69676563 
 1341      6300
 1342              	.LASF18:
 1343 006e 474E5520 		.ascii	"GNU C 4.9.3 20150303 (release) [ARM/embedded-4_9-br"
 1343      4320342E 
 1343      392E3320 
 1343      32303135 
 1343      30333033 
 1344 00a1 616E6368 		.ascii	"anch revision 221220] -mcpu=cortex-m3 -mthumb -g -O"
 1344      20726576 
 1344      6973696F 
 1344      6E203232 
 1344      31323230 
 1345 00d4 67202D66 		.ascii	"g -ffunction-sections -ffat-lto-objects\000"
 1345      66756E63 
 1345      74696F6E 
 1345      2D736563 
 1345      74696F6E 
 1346              	.LASF8:
 1347 00fc 756E7369 		.ascii	"unsigned int\000"
 1347      676E6564 
 1347      20696E74 
 1347      00
 1348              	.LASF7:
 1349 0109 6C6F6E67 		.ascii	"long long unsigned int\000"
 1349      206C6F6E 
 1349      6720756E 
 1349      7369676E 
 1349      65642069 
 1350              	.LASF16:
 1351 0120 63795F6D 		.ascii	"cy_meta_flashprotect\000"
 1351      6574615F 
 1351      666C6173 
 1351      6870726F 
 1351      74656374 
 1352              	.LASF15:
 1353 0135 63795F6D 		.ascii	"cy_meta_wonvl\000"
 1353      6574615F 
 1353      776F6E76 
 1353      6C00
 1354              	.LASF12:
 1355 0143 73697A65 		.ascii	"sizetype\000"
 1355      74797065 
 1355      00
 1356              	.LASF6:
 1357 014c 6C6F6E67 		.ascii	"long long int\000"
 1357      206C6F6E 
 1357      6720696E 
 1357      7400
 1358              	.LASF11:
 1359 015a 63686172 		.ascii	"char\000"
 1359      00
 1360              	.LASF2:
 1361 015f 73686F72 		.ascii	"short int\000"
 1361      7420696E 
 1361      7400
ARM GAS  C:\Users\rohi2\AppData\Local\Temp\ccao4xZ4.s 			page 26


 1362              	.LASF21:
 1363 0169 75696E74 		.ascii	"uint8\000"
 1363      3800
 1364              	.LASF4:
 1365 016f 6C6F6E67 		.ascii	"long int\000"
 1365      20696E74 
 1365      00
 1366              	.LASF0:
 1367 0178 7369676E 		.ascii	"signed char\000"
 1367      65642063 
 1367      68617200 
 1368              	.LASF20:
 1369 0184 433A5C55 		.ascii	"C:\\Users\\rohi2\\Desktop\\HRLV-EZ4.cywrk.Archive01"
 1369      73657273 
 1369      5C726F68 
 1369      69325C44 
 1369      65736B74 
 1370 01b3 5C48524C 		.ascii	"\\HRLV-EZ4 - Indexing second motor\\Design01.cydsn\000"
 1370      562D455A 
 1370      34202D20 
 1370      496E6465 
 1370      78696E67 
 1371              	.LASF19:
 1372 01e4 47656E65 		.ascii	"Generated_Source\\PSoC5\\cymetadata.c\000"
 1372      72617465 
 1372      645F536F 
 1372      75726365 
 1372      5C50536F 
 1373              		.ident	"GCC: (GNU Tools for ARM Embedded Processors) 4.9.3 20150303 (release) [ARM/embedded-4_9-br
